
ROM used:   2820/16384 (9%)
            2820/16384 (9%) including unused fragments

            2.5 Average locations per line
            12.5 Average locations per statement

RAM used:   78/2048 (4%) at main() level
            87/2048 (4%) worst case

Stack used: 1 worst case (0 in main + 1 for interrupts)
Stack size: 31

Lines Stmts  %   Files
----- ----- ---  -----
  317   226 100  locker.c
  821     0   0  ..\..\..\..\..\Program Files (x86)\PICC\Devices\18F4550.h
----- -----
 1138   226 Total

Page ROM  %  RAM   Vol Diff  Functions:
---- --- --- ---   --- ----  ----------
0     38   1    1             @delay_ms1
0     28   0    1             @delay_us1
0     58   1    3             @GETCH_BIU_1
0     64   1    1             @PUTCHAR_2_
0     20   0    0    63  1.8  SerialInterrupt
0     14   0    0             @const660
0     32   1    2             @PSTRINGC_641
0    520   9    4  3132  7.4  funcao_tempo
0   1154  20    1  3117  5.4  MAIN
0     14   0    0             @const676
0     48   1    0             @const677
0     42   1    3             @PSTRINGCN_641
0     48   1    0             @const680
0     36   1    3   116  3.4  Add_password_number
0     96   2    2   369  6.1  compare_passwords
0     32   1    2   110  3.4  erase_passwords
0     18   0    0    69  1.6  ReLock
0     34   1    1   156  3.3  siren
0    134   2    0   778  4.2  keyboardAcq
0     10   0    0   369  6.1  @const685
0     98   2    0   110  3.4  @goto10831
0    124   2    3   464  5.4  compareRFID
 Inline         0   156  3.3  @cinit1

Program metrics:
    Functions               13
    Statements              226
    Comments                161
    Volume (V)              12876
    Difficulty (D)          56.0
    Effort to implement (E) 720921
    Time to implement (T)   11 hours, 8 minutes
    Est Delivered Bugs (B)  3
    Cyclomatic Complexity   51
    Maintainability (MI)    51

 Segment     Used  Free
-----------  ----  ----
00000-00002     4  0  
00004-00006     0  4  
00008-000A0   154  0  
000A2-07FFE  2662  29944  



